0 verbose cli /home/shurtado98/.nvm/versions/node/v20.8.0/bin/node /home/shurtado98/.nvm/versions/node/v20.8.0/bin/npm
1 info using npm@10.1.0
2 info using node@v20.8.0
3 timing npm:load:whichnode Completed in 2ms
4 timing config:load:defaults Completed in 2ms
5 timing config:load:file:/home/shurtado98/.nvm/versions/node/v20.8.0/lib/node_modules/npm/npmrc Completed in 2ms
6 timing config:load:builtin Completed in 2ms
7 timing config:load:cli Completed in 4ms
8 timing config:load:env Completed in 0ms
9 timing config:load:project Completed in 1ms
10 timing config:load:file:/home/shurtado98/.npmrc Completed in 6ms
11 timing config:load:user Completed in 6ms
12 timing config:load:file:/home/shurtado98/my-shadcn-project/C:UsersmynameAppDataRoamingnpm/etc/npmrc Completed in 1ms
13 timing config:load:global Completed in 1ms
14 timing config:load:setEnvs Completed in 1ms
15 timing config:load Completed in 17ms
16 timing npm:load:configload Completed in 17ms
17 timing config:load:flatten Completed in 3ms
18 timing npm:load:mkdirpcache Completed in 0ms
19 timing npm:load:mkdirplogs Completed in 1ms
20 verbose title npm list vercel
21 verbose argv "list" "--global" "vercel"
22 timing npm:load:setTitle Completed in 1ms
23 timing npm:load:display Completed in 1ms
24 verbose logfile logs-max:10 dir:/home/shurtado98/my-shadcn-project/C:UsersmynameAppDataRoamingnpm-cache/_logs/2024-09-16T23_43_42_720Z-
25 verbose logfile /home/shurtado98/my-shadcn-project/C:UsersmynameAppDataRoamingnpm-cache/_logs/2024-09-16T23_43_42_720Z-debug-0.log
26 timing npm:load:logFile Completed in 11ms
27 timing npm:load:timers Completed in 0ms
28 timing npm:load:configScope Completed in 0ms
29 timing npm:load Completed in 52ms
30 timing config:load:flatten Completed in 0ms
31 timing arborist:ctor Completed in 1ms
32 silly logfile done cleaning log files
33 timing command:list Completed in 416ms
34 verbose exit 0
35 timing npm Completed in 512ms
36 info ok
