0 verbose cli /home/shurtado98/.nvm/versions/node/v20.8.0/bin/node /home/shurtado98/.nvm/versions/node/v20.8.0/bin/npm
1 info using npm@10.1.0
2 info using node@v20.8.0
3 timing npm:load:whichnode Completed in 3ms
4 timing config:load:defaults Completed in 2ms
5 timing config:load:file:/home/shurtado98/.nvm/versions/node/v20.8.0/lib/node_modules/npm/npmrc Completed in 3ms
6 timing config:load:builtin Completed in 4ms
7 timing config:load:cli Completed in 2ms
8 timing config:load:env Completed in 0ms
9 timing config:load:project Completed in 0ms
10 timing config:load:file:/home/shurtado98/.npmrc Completed in 2ms
11 timing config:load:user Completed in 2ms
12 timing config:load:file:/home/shurtado98/my-shadcn-project/C:UsersmynameAppDataRoamingnpm/etc/npmrc Completed in 1ms
13 timing config:load:global Completed in 1ms
14 timing config:load:setEnvs Completed in 1ms
15 timing config:load Completed in 14ms
16 timing npm:load:configload Completed in 14ms
17 timing config:load:flatten Completed in 4ms
18 timing npm:load:mkdirpcache Completed in 1ms
19 timing npm:load:mkdirplogs Completed in 1ms
20 verbose title npm list vercel
21 verbose argv "list" "--global" "vercel"
22 timing npm:load:setTitle Completed in 0ms
23 timing npm:load:display Completed in 1ms
24 verbose logfile logs-max:10 dir:/home/shurtado98/my-shadcn-project/C:UsersmynameAppDataRoamingnpm-cache/_logs/2024-09-16T23_42_28_406Z-
25 verbose logfile /home/shurtado98/my-shadcn-project/C:UsersmynameAppDataRoamingnpm-cache/_logs/2024-09-16T23_42_28_406Z-debug-0.log
26 timing npm:load:logFile Completed in 9ms
27 timing npm:load:timers Completed in 1ms
28 timing npm:load:configScope Completed in 0ms
29 timing npm:load Completed in 48ms
30 timing config:load:flatten Completed in 1ms
31 timing arborist:ctor Completed in 1ms
32 timing command:list Completed in 156ms
33 verbose stack Error: ENOENT: no such file or directory, lstat '/home/shurtado98/my-shadcn-project/C:UsersmynameAppDataRoamingnpm'
34 verbose cwd /home/shurtado98/my-shadcn-project
35 verbose Linux 4.19.84-microsoft-standard
36 verbose node v20.8.0
37 verbose npm  v10.1.0
38 error code ENOENT
39 error syscall lstat
40 error path /home/shurtado98/my-shadcn-project/C:UsersmynameAppDataRoamingnpm
41 error errno -2
42 error enoent ENOENT: no such file or directory, lstat '/home/shurtado98/my-shadcn-project/C:UsersmynameAppDataRoamingnpm'
43 error enoent This is related to npm not being able to find a file.
43 error enoent
44 verbose exit -2
45 timing npm Completed in 264ms
46 verbose code -2
47 error A complete log of this run can be found in: /home/shurtado98/my-shadcn-project/C:UsersmynameAppDataRoamingnpm-cache/_logs/2024-09-16T23_42_28_406Z-debug-0.log
