0 verbose cli /home/shurtado98/.nvm/versions/node/v20.8.0/bin/node /home/shurtado98/.nvm/versions/node/v20.8.0/lib/node_modules/npm/bin/npm-cli.js
1 info using npm@10.1.0
2 info using node@v20.8.0
3 timing npm:load:whichnode Completed in 3ms
4 timing config:load:defaults Completed in 2ms
5 timing config:load:file:/home/shurtado98/.nvm/versions/node/v20.8.0/lib/node_modules/npm/npmrc Completed in 0ms
6 timing config:load:builtin Completed in 1ms
7 timing config:load:cli Completed in 2ms
8 timing config:load:env Completed in 0ms
9 timing config:load:file:/home/shurtado98/my-shadcn-project/.npmrc Completed in 1ms
10 timing config:load:project Completed in 8ms
11 timing config:load:file:/home/shurtado98/.npmrc Completed in 1ms
12 timing config:load:user Completed in 2ms
13 timing config:load:file:/home/shurtado98/my-shadcn-project/C:UsersmynameAppDataRoamingnpm/etc/npmrc Completed in 0ms
14 timing config:load:global Completed in 0ms
15 timing config:load:setEnvs Completed in 1ms
16 timing config:load Completed in 16ms
17 timing npm:load:configload Completed in 16ms
18 timing config:load:flatten Completed in 3ms
19 timing npm:load:mkdirpcache Completed in 0ms
20 timing npm:load:mkdirplogs Completed in 1ms
21 verbose title npm exec vercel
22 verbose argv "exec" "--" "vercel"
23 timing npm:load:setTitle Completed in 0ms
24 timing npm:load:display Completed in 0ms
25 verbose logfile logs-max:10 dir:/home/shurtado98/my-shadcn-project/C:UsersmynameAppDataRoamingnpm-cache/_logs/2024-09-16T23_44_28_878Z-
26 verbose logfile /home/shurtado98/my-shadcn-project/C:UsersmynameAppDataRoamingnpm-cache/_logs/2024-09-16T23_44_28_878Z-debug-0.log
27 timing npm:load:logFile Completed in 10ms
28 timing npm:load:timers Completed in 0ms
29 timing npm:load:configScope Completed in 0ms
30 timing npm:load Completed in 47ms
31 silly logfile done cleaning log files
32 timing command:exec Completed in 50053ms
33 verbose exit 1
34 timing npm Completed in 50259ms
35 verbose code 1
